[2025-06-23 00:18:43.426] [main] [INFO] [ConsoleView] Console view initialized
[2025-06-23 00:18:44.210] [main] [INFO] [ConsoleView] Welcome message displayed
[2025-06-23 00:18:44.219] [main] [INFO] [ConsoleView] System startup configuration displayed - workers: 4, retries: 3
[2025-06-23 00:18:44.917] [pool-3-thread-1] [ERROR] [ConsoleView] Error displayed: Failed to submit task: Critical-1750630724547-281
[2025-06-23 00:18:44.920] [pool-3-thread-1] [ERROR] [ConsoleView] Error displayed: Failed to submit task: Critical-1750630724918-249
[2025-06-23 00:18:44.929] [pool-3-thread-3] [ERROR] [ConsoleView] Error displayed: Failed to submit task: Bulk-1750630724547-207
[2025-06-23 00:18:44.936] [pool-3-thread-3] [ERROR] [ConsoleView] Error displayed: Failed to submit task: Bulk-1750630724931-875
[2025-06-23 00:18:44.941] [pool-3-thread-2] [ERROR] [ConsoleView] Error displayed: Failed to submit task: Standard-1750630724547-882
[2025-06-23 00:18:44.952] [pool-3-thread-3] [ERROR] [ConsoleView] Error displayed: Failed to submit task: Bulk-1750630724946-709
[2025-06-23 00:18:44.963] [pool-3-thread-2] [ERROR] [ConsoleView] Error displayed: Failed to submit task: Standard-1750630724951-369
[2025-06-23 00:18:44.968] [pool-3-thread-3] [ERROR] [ConsoleView] Error displayed: Failed to submit task: Bulk-1750630724955-249
[2025-06-23 00:18:44.973] [pool-3-thread-3] [ERROR] [ConsoleView] Error displayed: Failed to submit task: Bulk-1750630724971-42
[2025-06-23 00:18:44.977] [pool-3-thread-2] [ERROR] [ConsoleView] Error displayed: Failed to submit task: Standard-1750630724964-142
[2025-06-23 00:18:47.940] [pool-3-thread-1] [ERROR] [ConsoleView] Error displayed: Failed to submit task: Critical-1750630727938-384
[2025-06-23 00:18:47.944] [pool-3-thread-1] [ERROR] [ConsoleView] Error displayed: Failed to submit task: Critical-1750630727941-504
[2025-06-23 00:18:48.981] [pool-3-thread-2] [ERROR] [ConsoleView] Error displayed: Failed to submit task: Standard-1750630728981-467
[2025-06-23 00:18:48.996] [pool-3-thread-2] [ERROR] [ConsoleView] Error displayed: Failed to submit task: Standard-1750630728982-700
[2025-06-23 00:18:48.998] [pool-3-thread-2] [ERROR] [ConsoleView] Error displayed: Failed to submit task: Standard-1750630728997-875
[2025-06-23 00:18:51.364] [pool-3-thread-1] [ERROR] [ConsoleView] Error displayed: Failed to submit task: Critical-1750630731362-704
[2025-06-23 00:18:51.368] [pool-3-thread-1] [ERROR] [ConsoleView] Error displayed: Failed to submit task: Critical-1750630731366-438
[2025-06-23 00:18:52.878] [pool-3-thread-3] [ERROR] [ConsoleView] Error displayed: Failed to submit task: Bulk-1750630732877-116
[2025-06-23 00:18:52.880] [pool-3-thread-3] [ERROR] [ConsoleView] Error displayed: Failed to submit task: Bulk-1750630732879-571
[2025-06-23 00:18:52.883] [pool-3-thread-3] [ERROR] [ConsoleView] Error displayed: Failed to submit task: Bulk-1750630732881-322
[2025-06-23 00:18:52.885] [pool-3-thread-3] [ERROR] [ConsoleView] Error displayed: Failed to submit task: Bulk-1750630732884-892
[2025-06-23 00:18:52.890] [pool-3-thread-3] [ERROR] [ConsoleView] Error displayed: Failed to submit task: Bulk-1750630732887-633
[2025-06-23 00:18:54.510] [pool-3-thread-2] [ERROR] [ConsoleView] Error displayed: Failed to submit task: Standard-1750630734500-229
[2025-06-23 00:18:54.524] [pool-3-thread-2] [ERROR] [ConsoleView] Error displayed: Failed to submit task: Standard-1750630734512-648
[2025-06-23 00:18:54.526] [pool-3-thread-2] [ERROR] [ConsoleView] Error displayed: Failed to submit task: Standard-1750630734525-175
[2025-06-23 00:18:55.874] [pool-3-thread-1] [ERROR] [ConsoleView] Error displayed: Failed to submit task: Critical-1750630735873-515
[2025-06-23 00:18:55.877] [pool-3-thread-1] [ERROR] [ConsoleView] Error displayed: Failed to submit task: Critical-1750630735875-453
[2025-06-23 00:19:01.888] [pool-3-thread-1] [ERROR] [ConsoleView] Error displayed: Failed to submit task: Critical-1750630741887-412
[2025-06-23 00:19:01.890] [pool-3-thread-1] [ERROR] [ConsoleView] Error displayed: Failed to submit task: Critical-1750630741889-670
[2025-06-23 00:19:02.437] [pool-3-thread-2] [ERROR] [ConsoleView] Error displayed: Failed to submit task: Standard-1750630742437-927
[2025-06-23 00:19:02.439] [pool-3-thread-2] [ERROR] [ConsoleView] Error displayed: Failed to submit task: Standard-1750630742438-756
[2025-06-23 00:19:02.442] [pool-3-thread-2] [ERROR] [ConsoleView] Error displayed: Failed to submit task: Standard-1750630742440-8
[2025-06-23 00:19:04.802] [pool-3-thread-3] [ERROR] [ConsoleView] Error displayed: Failed to submit task: Bulk-1750630744801-925
[2025-06-23 00:19:04.810] [pool-3-thread-3] [ERROR] [ConsoleView] Error displayed: Failed to submit task: Bulk-1750630744809-371
[2025-06-23 00:19:04.812] [pool-3-thread-3] [ERROR] [ConsoleView] Error displayed: Failed to submit task: Bulk-1750630744810-902
[2025-06-23 00:19:04.815] [pool-3-thread-3] [ERROR] [ConsoleView] Error displayed: Failed to submit task: Bulk-1750630744814-983
[2025-06-23 00:19:04.827] [pool-3-thread-3] [ERROR] [ConsoleView] Error displayed: Failed to submit task: Bulk-1750630744827-408
[2025-06-23 00:19:09.795] [pool-3-thread-1] [ERROR] [ConsoleView] Error displayed: Failed to submit task: Critical-1750630749794-897
[2025-06-23 00:19:09.796] [pool-3-thread-1] [ERROR] [ConsoleView] Error displayed: Failed to submit task: Critical-1750630749796-309
[2025-06-23 00:19:11.458] [pool-3-thread-2] [ERROR] [ConsoleView] Error displayed: Failed to submit task: Standard-1750630751458-217
[2025-06-23 00:19:11.459] [pool-3-thread-2] [ERROR] [ConsoleView] Error displayed: Failed to submit task: Standard-1750630751459-50
[2025-06-23 00:19:11.461] [pool-3-thread-2] [ERROR] [ConsoleView] Error displayed: Failed to submit task: Standard-1750630751460-703
[2025-06-23 00:19:16.831] [pool-3-thread-3] [ERROR] [ConsoleView] Error displayed: Failed to submit task: Bulk-1750630756830-204
[2025-06-23 00:19:16.835] [pool-3-thread-3] [ERROR] [ConsoleView] Error displayed: Failed to submit task: Bulk-1750630756834-286
[2025-06-23 00:19:16.837] [pool-3-thread-3] [ERROR] [ConsoleView] Error displayed: Failed to submit task: Bulk-1750630756836-426
[2025-06-23 00:19:16.841] [pool-3-thread-3] [ERROR] [ConsoleView] Error displayed: Failed to submit task: Bulk-1750630756839-708
[2025-06-23 00:19:16.844] [pool-3-thread-3] [ERROR] [ConsoleView] Error displayed: Failed to submit task: Bulk-1750630756843-526
[2025-06-23 00:19:17.803] [pool-3-thread-1] [ERROR] [ConsoleView] Error displayed: Failed to submit task: Critical-1750630757802-659
[2025-06-23 00:19:17.805] [pool-3-thread-1] [ERROR] [ConsoleView] Error displayed: Failed to submit task: Critical-1750630757804-441
[2025-06-23 00:19:20.467] [pool-3-thread-2] [ERROR] [ConsoleView] Error displayed: Failed to submit task: Standard-1750630760466-867
[2025-06-23 00:19:20.470] [pool-3-thread-2] [ERROR] [ConsoleView] Error displayed: Failed to submit task: Standard-1750630760468-634
[2025-06-23 00:19:20.472] [pool-3-thread-2] [ERROR] [ConsoleView] Error displayed: Failed to submit task: Standard-1750630760471-958
[2025-06-23 00:19:25.816] [pool-3-thread-1] [ERROR] [ConsoleView] Error displayed: Failed to submit task: Critical-1750630765815-915
[2025-06-23 00:19:25.817] [pool-3-thread-1] [ERROR] [ConsoleView] Error displayed: Failed to submit task: Critical-1750630765816-653
[2025-06-23 00:19:28.861] [pool-3-thread-3] [ERROR] [ConsoleView] Error displayed: Failed to submit task: Bulk-1750630768860-938
[2025-06-23 00:19:28.863] [pool-3-thread-3] [ERROR] [ConsoleView] Error displayed: Failed to submit task: Bulk-1750630768862-716
[2025-06-23 00:19:28.867] [pool-3-thread-3] [ERROR] [ConsoleView] Error displayed: Failed to submit task: Bulk-1750630768866-665
[2025-06-23 00:19:28.868] [pool-3-thread-3] [ERROR] [ConsoleView] Error displayed: Failed to submit task: Bulk-1750630768868-323
[2025-06-23 00:19:28.871] [pool-3-thread-3] [ERROR] [ConsoleView] Error displayed: Failed to submit task: Bulk-1750630768869-949
[2025-06-23 00:19:29.479] [pool-3-thread-2] [ERROR] [ConsoleView] Error displayed: Failed to submit task: Standard-1750630769476-91
[2025-06-23 00:19:29.481] [pool-3-thread-2] [ERROR] [ConsoleView] Error displayed: Failed to submit task: Standard-1750630769480-130
[2025-06-23 00:19:29.483] [pool-3-thread-2] [ERROR] [ConsoleView] Error displayed: Failed to submit task: Standard-1750630769483-348
[2025-06-23 00:19:33.820] [pool-3-thread-1] [ERROR] [ConsoleView] Error displayed: Failed to submit task: Critical-1750630773819-724
[2025-06-23 00:19:33.824] [pool-3-thread-1] [ERROR] [ConsoleView] Error displayed: Failed to submit task: Critical-1750630773820-230
[2025-06-23 00:19:38.486] [pool-3-thread-2] [ERROR] [ConsoleView] Error displayed: Failed to submit task: Standard-1750630778485-717
[2025-06-23 00:19:38.487] [pool-3-thread-2] [ERROR] [ConsoleView] Error displayed: Failed to submit task: Standard-1750630778486-343
[2025-06-23 00:19:38.488] [pool-3-thread-2] [ERROR] [ConsoleView] Error displayed: Failed to submit task: Standard-1750630778487-51
[2025-06-23 00:19:40.885] [pool-3-thread-3] [ERROR] [ConsoleView] Error displayed: Failed to submit task: Bulk-1750630780884-145
[2025-06-23 00:19:40.888] [pool-3-thread-3] [ERROR] [ConsoleView] Error displayed: Failed to submit task: Bulk-1750630780885-440
[2025-06-23 00:19:40.889] [pool-3-thread-3] [ERROR] [ConsoleView] Error displayed: Failed to submit task: Bulk-1750630780889-2
[2025-06-23 00:19:40.892] [pool-3-thread-3] [ERROR] [ConsoleView] Error displayed: Failed to submit task: Bulk-1750630780890-140
[2025-06-23 00:19:40.894] [pool-3-thread-3] [ERROR] [ConsoleView] Error displayed: Failed to submit task: Bulk-1750630780893-295
[2025-06-23 00:19:41.825] [pool-3-thread-1] [ERROR] [ConsoleView] Error displayed: Failed to submit task: Critical-1750630781825-24
[2025-06-23 00:19:41.827] [pool-3-thread-1] [ERROR] [ConsoleView] Error displayed: Failed to submit task: Critical-1750630781827-785
[2025-06-23 00:19:47.492] [pool-3-thread-2] [ERROR] [ConsoleView] Error displayed: Failed to submit task: Standard-1750630787490-732
[2025-06-23 00:19:47.494] [pool-3-thread-2] [ERROR] [ConsoleView] Error displayed: Failed to submit task: Standard-1750630787493-846
[2025-06-23 00:19:47.495] [pool-3-thread-2] [ERROR] [ConsoleView] Error displayed: Failed to submit task: Standard-1750630787494-198
[2025-06-23 00:19:49.830] [pool-3-thread-1] [ERROR] [ConsoleView] Error displayed: Failed to submit task: Critical-1750630789829-633
[2025-06-23 00:19:49.832] [pool-3-thread-1] [ERROR] [ConsoleView] Error displayed: Failed to submit task: Critical-1750630789831-816
[2025-06-23 00:19:52.895] [pool-3-thread-3] [ERROR] [ConsoleView] Error displayed: Failed to submit task: Bulk-1750630792895-58
[2025-06-23 00:19:52.898] [pool-3-thread-3] [ERROR] [ConsoleView] Error displayed: Failed to submit task: Bulk-1750630792896-254
[2025-06-23 00:19:52.899] [pool-3-thread-3] [ERROR] [ConsoleView] Error displayed: Failed to submit task: Bulk-1750630792898-147
[2025-06-23 00:19:52.901] [pool-3-thread-3] [ERROR] [ConsoleView] Error displayed: Failed to submit task: Bulk-1750630792899-475
[2025-06-23 00:19:52.903] [pool-3-thread-3] [ERROR] [ConsoleView] Error displayed: Failed to submit task: Bulk-1750630792901-119
[2025-06-23 00:19:56.498] [pool-3-thread-2] [ERROR] [ConsoleView] Error displayed: Failed to submit task: Standard-1750630796497-179
[2025-06-23 00:19:56.499] [pool-3-thread-2] [ERROR] [ConsoleView] Error displayed: Failed to submit task: Standard-1750630796498-472
[2025-06-23 00:19:56.500] [pool-3-thread-2] [ERROR] [ConsoleView] Error displayed: Failed to submit task: Standard-1750630796499-37
[2025-06-23 00:19:57.835] [pool-3-thread-1] [ERROR] [ConsoleView] Error displayed: Failed to submit task: Critical-1750630797835-486
[2025-06-23 00:19:57.839] [pool-3-thread-1] [ERROR] [ConsoleView] Error displayed: Failed to submit task: Critical-1750630797837-418
[2025-06-23 00:20:04.906] [pool-3-thread-3] [ERROR] [ConsoleView] Error displayed: Failed to submit task: Bulk-1750630804906-493
[2025-06-23 00:20:04.907] [pool-3-thread-3] [ERROR] [ConsoleView] Error displayed: Failed to submit task: Bulk-1750630804907-442
[2025-06-23 00:20:04.909] [pool-3-thread-3] [ERROR] [ConsoleView] Error displayed: Failed to submit task: Bulk-1750630804908-783
[2025-06-23 00:20:04.912] [pool-3-thread-3] [ERROR] [ConsoleView] Error displayed: Failed to submit task: Bulk-1750630804909-500
[2025-06-23 00:20:04.913] [pool-3-thread-3] [ERROR] [ConsoleView] Error displayed: Failed to submit task: Bulk-1750630804913-413
[2025-06-23 00:20:05.501] [pool-3-thread-2] [ERROR] [ConsoleView] Error displayed: Failed to submit task: Standard-1750630805501-593
[2025-06-23 00:20:05.505] [pool-3-thread-2] [ERROR] [ConsoleView] Error displayed: Failed to submit task: Standard-1750630805502-785
[2025-06-23 00:20:05.505] [pool-3-thread-2] [ERROR] [ConsoleView] Error displayed: Failed to submit task: Standard-1750630805505-849
[2025-06-23 00:20:05.843] [pool-3-thread-1] [ERROR] [ConsoleView] Error displayed: Failed to submit task: Critical-1750630805842-15
[2025-06-23 00:20:05.854] [pool-3-thread-1] [ERROR] [ConsoleView] Error displayed: Failed to submit task: Critical-1750630805844-980
[2025-06-23 00:20:13.870] [pool-3-thread-1] [ERROR] [ConsoleView] Error displayed: Failed to submit task: Critical-1750630813868-942
[2025-06-23 00:20:13.873] [pool-3-thread-1] [ERROR] [ConsoleView] Error displayed: Failed to submit task: Critical-1750630813872-543
[2025-06-23 00:20:14.508] [pool-3-thread-2] [ERROR] [ConsoleView] Error displayed: Failed to submit task: Standard-1750630814507-542
[2025-06-23 00:20:14.509] [pool-3-thread-2] [ERROR] [ConsoleView] Error displayed: Failed to submit task: Standard-1750630814508-768
[2025-06-23 00:20:14.510] [pool-3-thread-2] [ERROR] [ConsoleView] Error displayed: Failed to submit task: Standard-1750630814509-728
[2025-06-23 00:20:16.918] [pool-3-thread-3] [ERROR] [ConsoleView] Error displayed: Failed to submit task: Bulk-1750630816917-415
[2025-06-23 00:20:16.923] [pool-3-thread-3] [ERROR] [ConsoleView] Error displayed: Failed to submit task: Bulk-1750630816922-271
[2025-06-23 00:20:16.932] [pool-3-thread-3] [ERROR] [ConsoleView] Error displayed: Failed to submit task: Bulk-1750630816925-524
[2025-06-23 00:20:16.934] [pool-3-thread-3] [ERROR] [ConsoleView] Error displayed: Failed to submit task: Bulk-1750630816932-106
[2025-06-23 00:20:16.936] [pool-3-thread-3] [ERROR] [ConsoleView] Error displayed: Failed to submit task: Bulk-1750630816935-415
[2025-06-23 00:20:21.876] [pool-3-thread-1] [ERROR] [ConsoleView] Error displayed: Failed to submit task: Critical-1750630821875-43
[2025-06-23 00:20:21.878] [pool-3-thread-1] [ERROR] [ConsoleView] Error displayed: Failed to submit task: Critical-1750630821878-552
[2025-06-23 00:20:23.519] [pool-3-thread-2] [ERROR] [ConsoleView] Error displayed: Failed to submit task: Standard-1750630823518-706
[2025-06-23 00:20:23.520] [pool-3-thread-2] [ERROR] [ConsoleView] Error displayed: Failed to submit task: Standard-1750630823519-969
[2025-06-23 00:20:23.521] [pool-3-thread-2] [ERROR] [ConsoleView] Error displayed: Failed to submit task: Standard-1750630823521-208
[2025-06-23 00:20:28.943] [pool-3-thread-3] [ERROR] [ConsoleView] Error displayed: Failed to submit task: Bulk-1750630828943-707
[2025-06-23 00:20:28.944] [pool-3-thread-3] [ERROR] [ConsoleView] Error displayed: Failed to submit task: Bulk-1750630828944-777
[2025-06-23 00:20:28.945] [pool-3-thread-3] [ERROR] [ConsoleView] Error displayed: Failed to submit task: Bulk-1750630828944-508
[2025-06-23 00:20:28.947] [pool-3-thread-3] [ERROR] [ConsoleView] Error displayed: Failed to submit task: Bulk-1750630828946-446
[2025-06-23 00:20:28.948] [pool-3-thread-3] [ERROR] [ConsoleView] Error displayed: Failed to submit task: Bulk-1750630828947-736
[2025-06-23 00:20:32.525] [pool-3-thread-2] [ERROR] [ConsoleView] Error displayed: Failed to submit task: Standard-1750630832524-403
[2025-06-23 00:20:32.526] [pool-3-thread-2] [ERROR] [ConsoleView] Error displayed: Failed to submit task: Standard-1750630832526-694
[2025-06-23 00:20:32.529] [pool-3-thread-2] [ERROR] [ConsoleView] Error displayed: Failed to submit task: Standard-1750630832528-549
[2025-06-23 00:20:40.950] [pool-3-thread-3] [ERROR] [ConsoleView] Error displayed: Failed to submit task: Bulk-1750630840949-951
[2025-06-23 00:20:40.951] [pool-3-thread-3] [ERROR] [ConsoleView] Error displayed: Failed to submit task: Bulk-1750630840950-805
[2025-06-23 00:20:40.953] [pool-3-thread-3] [ERROR] [ConsoleView] Error displayed: Failed to submit task: Bulk-1750630840952-791
[2025-06-23 00:20:40.954] [pool-3-thread-3] [ERROR] [ConsoleView] Error displayed: Failed to submit task: Bulk-1750630840953-752
[2025-06-23 00:20:40.957] [pool-3-thread-3] [ERROR] [ConsoleView] Error displayed: Failed to submit task: Bulk-1750630840954-190
[2025-06-23 00:20:41.533] [pool-3-thread-2] [ERROR] [ConsoleView] Error displayed: Failed to submit task: Standard-1750630841531-428
[2025-06-23 00:20:41.535] [pool-3-thread-2] [ERROR] [ConsoleView] Error displayed: Failed to submit task: Standard-1750630841534-961
[2025-06-23 00:20:41.536] [pool-3-thread-2] [ERROR] [ConsoleView] Error displayed: Failed to submit task: Standard-1750630841535-460
[2025-06-23 00:20:44.550] [main] [INFO] [ConsoleView] Shutdown sequence displayed
[2025-06-23 00:20:50.545] [pool-3-thread-2] [ERROR] [ConsoleView] Error displayed: Failed to submit task: Standard-1750630850544-464
[2025-06-23 00:20:50.547] [pool-3-thread-2] [ERROR] [ConsoleView] Error displayed: Failed to submit task: Standard-1750630850546-776
[2025-06-23 00:20:50.548] [pool-3-thread-2] [ERROR] [ConsoleView] Error displayed: Failed to submit task: Standard-1750630850547-34
[2025-06-23 00:20:52.961] [pool-3-thread-3] [ERROR] [ConsoleView] Error displayed: Failed to submit task: Bulk-1750630852961-472
[2025-06-23 00:20:52.962] [pool-3-thread-3] [ERROR] [ConsoleView] Error displayed: Failed to submit task: Bulk-1750630852962-920
[2025-06-23 00:20:52.962] [pool-3-thread-3] [ERROR] [ConsoleView] Error displayed: Failed to submit task: Bulk-1750630852962-544
[2025-06-23 00:20:52.963] [pool-3-thread-3] [ERROR] [ConsoleView] Error displayed: Failed to submit task: Bulk-1750630852963-466
[2025-06-23 00:20:52.963] [pool-3-thread-3] [ERROR] [ConsoleView] Error displayed: Failed to submit task: Bulk-1750630852963-52
[2025-06-23 00:20:59.560] [pool-3-thread-2] [ERROR] [ConsoleView] Error displayed: Failed to submit task: Standard-1750630859560-421
[2025-06-23 00:20:59.561] [pool-3-thread-2] [ERROR] [ConsoleView] Error displayed: Failed to submit task: Standard-1750630859561-444
[2025-06-23 00:21:04.979] [pool-3-thread-3] [ERROR] [ConsoleView] Error displayed: Failed to submit task: Bulk-1750630864978-382
[2025-06-23 00:21:04.980] [pool-3-thread-3] [ERROR] [ConsoleView] Error displayed: Failed to submit task: Bulk-1750630864980-496
[2025-06-23 00:21:04.981] [pool-3-thread-3] [ERROR] [ConsoleView] Error displayed: Failed to submit task: Bulk-1750630864981-184
[2025-06-23 00:21:04.983] [pool-3-thread-3] [ERROR] [ConsoleView] Error displayed: Failed to submit task: Bulk-1750630864981-871
[2025-06-23 00:21:04.984] [pool-3-thread-3] [ERROR] [ConsoleView] Error displayed: Failed to submit task: Bulk-1750630864983-794
[2025-06-23 00:21:16.993] [pool-3-thread-3] [ERROR] [ConsoleView] Error displayed: Failed to submit task: Bulk-1750630876993-182
[2025-06-23 00:21:16.995] [pool-3-thread-3] [ERROR] [ConsoleView] Error displayed: Failed to submit task: Bulk-1750630876994-223
[2025-06-23 00:21:16.995] [pool-3-thread-3] [ERROR] [ConsoleView] Error displayed: Failed to submit task: Bulk-1750630876995-726
[2025-06-23 00:21:16.996] [pool-3-thread-3] [ERROR] [ConsoleView] Error displayed: Failed to submit task: Bulk-1750630876996-478
[2025-06-23 00:21:16.997] [pool-3-thread-3] [ERROR] [ConsoleView] Error displayed: Failed to submit task: Bulk-1750630876996-955
[2025-06-23 00:21:28.998] [pool-3-thread-3] [ERROR] [ConsoleView] Error displayed: Failed to submit task: Bulk-1750630888998-552
[2025-06-23 00:21:28.999] [pool-3-thread-3] [ERROR] [ConsoleView] Error displayed: Failed to submit task: Bulk-1750630888999-626
[2025-06-23 00:21:29.004] [pool-3-thread-3] [ERROR] [ConsoleView] Error displayed: Failed to submit task: Bulk-1750630889000-614
[2025-06-23 00:21:29.006] [pool-3-thread-3] [ERROR] [ConsoleView] Error displayed: Failed to submit task: Bulk-1750630889005-815
[2025-06-23 00:21:29.007] [pool-3-thread-3] [ERROR] [ConsoleView] Error displayed: Failed to submit task: Bulk-1750630889007-531
[2025-06-23 00:21:41.016] [pool-3-thread-3] [ERROR] [ConsoleView] Error displayed: Failed to submit task: Bulk-1750630901016-342
[2025-06-23 00:21:41.019] [pool-3-thread-3] [ERROR] [ConsoleView] Error displayed: Failed to submit task: Bulk-1750630901018-855
[2025-06-23 00:21:41.019] [pool-3-thread-3] [ERROR] [ConsoleView] Error displayed: Failed to submit task: Bulk-1750630901019-881
[2025-06-23 00:21:41.021] [pool-3-thread-3] [ERROR] [ConsoleView] Error displayed: Failed to submit task: Bulk-1750630901020-504
[2025-06-23 00:21:41.022] [pool-3-thread-3] [ERROR] [ConsoleView] Error displayed: Failed to submit task: Bulk-1750630901021-301
[2025-06-23 00:21:53.035] [pool-3-thread-3] [ERROR] [ConsoleView] Error displayed: Failed to submit task: Bulk-1750630913034-493
[2025-06-23 00:21:53.036] [pool-3-thread-3] [ERROR] [ConsoleView] Error displayed: Failed to submit task: Bulk-1750630913036-655
[2025-06-23 00:21:53.036] [pool-3-thread-3] [ERROR] [ConsoleView] Error displayed: Failed to submit task: Bulk-1750630913036-383
[2025-06-23 00:21:53.037] [pool-3-thread-3] [ERROR] [ConsoleView] Error displayed: Failed to submit task: Bulk-1750630913037-976
[2025-06-23 00:21:53.037] [pool-3-thread-3] [ERROR] [ConsoleView] Error displayed: Failed to submit task: Bulk-1750630913037-125
[2025-06-23 00:22:05.044] [pool-3-thread-3] [ERROR] [ConsoleView] Error displayed: Failed to submit task: Bulk-1750630925043-756
[2025-06-23 00:22:05.044] [pool-3-thread-3] [ERROR] [ConsoleView] Error displayed: Failed to submit task: Bulk-1750630925044-476
[2025-06-23 00:22:05.045] [pool-3-thread-3] [ERROR] [ConsoleView] Error displayed: Failed to submit task: Bulk-1750630925045-331
[2025-06-23 00:22:05.045] [pool-3-thread-3] [ERROR] [ConsoleView] Error displayed: Failed to submit task: Bulk-1750630925045-391
[2025-06-23 00:22:05.046] [pool-3-thread-3] [ERROR] [ConsoleView] Error displayed: Failed to submit task: Bulk-1750630925046-760
[2025-06-23 00:22:17.056] [pool-3-thread-3] [ERROR] [ConsoleView] Error displayed: Failed to submit task: Bulk-1750630937055-322
[2025-06-23 00:22:17.056] [pool-3-thread-3] [ERROR] [ConsoleView] Error displayed: Failed to submit task: Bulk-1750630937056-289
[2025-06-23 00:22:17.057] [pool-3-thread-3] [ERROR] [ConsoleView] Error displayed: Failed to submit task: Bulk-1750630937057-614
[2025-06-23 00:22:17.058] [pool-3-thread-3] [ERROR] [ConsoleView] Error displayed: Failed to submit task: Bulk-1750630937058-377
[2025-06-23 00:22:17.059] [pool-3-thread-3] [ERROR] [ConsoleView] Error displayed: Failed to submit task: Bulk-1750630937058-954
[2025-06-23 00:22:29.065] [pool-3-thread-3] [ERROR] [ConsoleView] Error displayed: Failed to submit task: Bulk-1750630949064-93
[2025-06-23 00:22:29.065] [pool-3-thread-3] [ERROR] [ConsoleView] Error displayed: Failed to submit task: Bulk-1750630949065-30
[2025-06-23 00:22:29.065] [pool-3-thread-3] [ERROR] [ConsoleView] Error displayed: Failed to submit task: Bulk-1750630949065-391
[2025-06-23 00:22:29.066] [pool-3-thread-3] [ERROR] [ConsoleView] Error displayed: Failed to submit task: Bulk-1750630949066-289
[2025-06-23 00:22:29.066] [pool-3-thread-3] [ERROR] [ConsoleView] Error displayed: Failed to submit task: Bulk-1750630949066-537
